2026-04-14 23:29:23.076 | INFO     | datatrove.utils.logging:add_task_logger:76 - Launching pipeline for rank=2
2026-04-14 23:29:23.076 | INFO     | datatrove.utils.logging:log_pipeline:108 - 
--- 🛠️ PIPELINE 🛠
📖 - READER: 🤗 HuggingFace
🔻 - FILTER: 🎲 Sampler
🔢 - TOKENIZER: ✍️ Writer
2026-04-14 23:29:23.077 | INFO     | datatrove.pipeline.tokens.tokenizer:run:431 - Tokenizing in "00002_unshuffled.ds"...
2026-04-14 23:47:27.255 | INFO     | datatrove.pipeline.tokens.tokenizer:run:439 - Shuffling documents...
2026-04-14 23:47:27.257 | INFO     | datatrove.pipeline.tokens.tokenizer:copy:207 - Shuffling in 00002_00000_doc_shuffled.ds...
2026-04-14 23:47:29.884 | SUCCESS  | datatrove.executor.base:_run_for_rank:140 - Processing done for rank=2
2026-04-14 23:47:29.897 | INFO     | datatrove.executor.base:_run_for_rank:147 - 

📉📉📉 Stats: Task 2 📉📉📉

Total Runtime: 1 minute and 41.02 seconds

📖 - READER: 🤗 HuggingFace
    Runtime: (3.93%) 3.97 seconds [6.56 milliseconds±17.05 milliseconds/batch]
    Stats: {doc_len: 2864343622 [min=187, max=625501, 4738.31±8420/doc], doc_len_tokens: 624585920 [min=42, max=144412, 1033.22±1896/doc], documents: 604507}
🔻 - FILTER: 🎲 Sampler
    Runtime: (1.08%) 1.09 seconds [0 milliseconds±0.03 milliseconds/doc]
    Stats: {total: 604507, dropped: 572909, forwarded: 31598, doc_len: 149798727 [min=229, max=457054, 4740.77±8268/doc], doc_len_tokens: 32691416 [min=60, max=92976, 1034.60±1858/doc]}
🔢 - TOKENIZER: ✍️ Writer
    Runtime: (95.00%) 1 minute and 35.96 seconds [23 seconds and 991.15 milliseconds±12 seconds and 178.78 milliseconds/batch]
    Stats: {tokens: 32433695 [min=58, max=94885, 1026.45±1891/doc]}
