2026-04-14 23:29:23.122 | INFO     | datatrove.utils.logging:add_task_logger:76 - Launching pipeline for rank=9
2026-04-14 23:29:23.123 | INFO     | datatrove.utils.logging:log_pipeline:108 - 
--- 🛠️ PIPELINE 🛠
📖 - READER: 🤗 HuggingFace
🔻 - FILTER: 🎲 Sampler
🔢 - TOKENIZER: ✍️ Writer
2026-04-14 23:29:23.124 | INFO     | datatrove.pipeline.tokens.tokenizer:run:431 - Tokenizing in "00009_unshuffled.ds"...
2026-04-14 23:47:27.239 | INFO     | datatrove.pipeline.tokens.tokenizer:run:439 - Shuffling documents...
2026-04-14 23:47:27.240 | INFO     | datatrove.pipeline.tokens.tokenizer:copy:207 - Shuffling in 00009_00000_doc_shuffled.ds...
2026-04-14 23:47:29.794 | SUCCESS  | datatrove.executor.base:_run_for_rank:140 - Processing done for rank=9
2026-04-14 23:47:29.810 | INFO     | datatrove.executor.base:_run_for_rank:147 - 

📉📉📉 Stats: Task 9 📉📉📉

Total Runtime: 1 minute and 40.37 seconds

📖 - READER: 🤗 HuggingFace
    Runtime: (3.82%) 3.83 seconds [6.33 milliseconds±16.41 milliseconds/batch]
    Stats: {doc_len: 2861968375 [min=174, max=565431, 4734.39±8133/doc], doc_len_tokens: 623985712 [min=45, max=122789, 1032.22±1827/doc], documents: 604506}
🔻 - FILTER: 🎲 Sampler
    Runtime: (1.07%) 1.08 seconds [0 milliseconds±0.03 milliseconds/doc]
    Stats: {total: 604506, dropped: 572908, forwarded: 31598, doc_len: 149651048 [min=201, max=565431, 4736.09±8711/doc], doc_len_tokens: 32640131 [min=55, max=122789, 1032.98±1965/doc]}
🔢 - TOKENIZER: ✍️ Writer
    Runtime: (95.11%) 1 minute and 35.46 seconds [23 seconds and 865.59 milliseconds±12 seconds and 96.34 milliseconds/batch]
    Stats: {tokens: 32359101 [min=50, max=125821, 1024.09±1988/doc]}
