2026-04-14 23:29:23.085 | INFO     | datatrove.utils.logging:add_task_logger:76 - Launching pipeline for rank=6
2026-04-14 23:29:23.086 | INFO     | datatrove.utils.logging:log_pipeline:108 - 
--- 🛠️ PIPELINE 🛠
📖 - READER: 🤗 HuggingFace
🔻 - FILTER: 🎲 Sampler
🔢 - TOKENIZER: ✍️ Writer
2026-04-14 23:29:23.087 | INFO     | datatrove.pipeline.tokens.tokenizer:run:431 - Tokenizing in "00006_unshuffled.ds"...
2026-04-14 23:47:27.261 | INFO     | datatrove.pipeline.tokens.tokenizer:run:439 - Shuffling documents...
2026-04-14 23:47:27.262 | INFO     | datatrove.pipeline.tokens.tokenizer:copy:207 - Shuffling in 00006_00000_doc_shuffled.ds...
2026-04-14 23:47:29.888 | SUCCESS  | datatrove.executor.base:_run_for_rank:140 - Processing done for rank=6
2026-04-14 23:47:29.899 | INFO     | datatrove.executor.base:_run_for_rank:147 - 

📉📉📉 Stats: Task 6 📉📉📉

Total Runtime: 1 minute and 39.66 seconds

📖 - READER: 🤗 HuggingFace
    Runtime: (3.89%) 3.88 seconds [6.41 milliseconds±15.89 milliseconds/batch]
    Stats: {doc_len: 2862414035 [min=170, max=612033, 4735.13±8437/doc], doc_len_tokens: 624052311 [min=42, max=135313, 1032.33±1907/doc], documents: 604506}
🔻 - FILTER: 🎲 Sampler
    Runtime: (1.08%) 1.07 seconds [0 milliseconds±0.03 milliseconds/doc]
    Stats: {total: 604506, dropped: 572908, forwarded: 31598, doc_len: 146884103 [min=213, max=394588, 4648.53±8121/doc], doc_len_tokens: 32015044 [min=57, max=85905, 1013.20±1825/doc]}
🔢 - TOKENIZER: ✍️ Writer
    Runtime: (95.03%) 1 minute and 34.71 seconds [23 seconds and 676.63 milliseconds±11 seconds and 952.41 milliseconds/batch]
    Stats: {tokens: 31760172 [min=52, max=84616, 1005.13±1856/doc]}
