2026-04-14 23:29:23.093 | INFO     | datatrove.utils.logging:add_task_logger:76 - Launching pipeline for rank=3
2026-04-14 23:29:23.095 | INFO     | datatrove.utils.logging:log_pipeline:108 - 
--- 🛠️ PIPELINE 🛠
📖 - READER: 🤗 HuggingFace
🔻 - FILTER: 🎲 Sampler
🔢 - TOKENIZER: ✍️ Writer
2026-04-14 23:29:23.095 | INFO     | datatrove.pipeline.tokens.tokenizer:run:431 - Tokenizing in "00003_unshuffled.ds"...
2026-04-14 23:47:27.050 | INFO     | datatrove.pipeline.tokens.tokenizer:run:439 - Shuffling documents...
2026-04-14 23:47:27.051 | INFO     | datatrove.pipeline.tokens.tokenizer:copy:207 - Shuffling in 00003_00000_doc_shuffled.ds...
2026-04-14 23:47:29.083 | SUCCESS  | datatrove.executor.base:_run_for_rank:140 - Processing done for rank=3
2026-04-14 23:47:29.097 | INFO     | datatrove.executor.base:_run_for_rank:147 - 

📉📉📉 Stats: Task 3 📉📉📉

Total Runtime: 1 minute and 40.47 seconds

📖 - READER: 🤗 HuggingFace
    Runtime: (3.97%) 3.99 seconds [6.59 milliseconds±16.72 milliseconds/batch]
    Stats: {doc_len: 2858843150 [min=186, max=671067, 4729.21±8286/doc], doc_len_tokens: 623407656 [min=50, max=170927, 1031.27±1868/doc], documents: 604507}
🔻 - FILTER: 🎲 Sampler
    Runtime: (1.08%) 1.09 seconds [0 milliseconds±0.04 milliseconds/doc]
    Stats: {total: 604507, dropped: 572909, forwarded: 31598, doc_len: 148243983 [min=244, max=222965, 4691.56±7262/doc], doc_len_tokens: 32274556 [min=58, max=50314, 1021.41±1622/doc]}
🔢 - TOKENIZER: ✍️ Writer
    Runtime: (94.95%) 1 minute and 35.40 seconds [23 seconds and 850.95 milliseconds±12 seconds and 189.65 milliseconds/batch]
    Stats: {tokens: 31984215 [min=56, max=50607, 1012.22±1648/doc]}
