2026-04-14 23:29:23.121 | INFO     | datatrove.utils.logging:add_task_logger:76 - Launching pipeline for rank=5
2026-04-14 23:29:23.121 | INFO     | datatrove.utils.logging:log_pipeline:108 - 
--- 🛠️ PIPELINE 🛠
📖 - READER: 🤗 HuggingFace
🔻 - FILTER: 🎲 Sampler
🔢 - TOKENIZER: ✍️ Writer
2026-04-14 23:29:23.122 | INFO     | datatrove.pipeline.tokens.tokenizer:run:431 - Tokenizing in "00005_unshuffled.ds"...
2026-04-14 23:47:27.238 | INFO     | datatrove.pipeline.tokens.tokenizer:run:439 - Shuffling documents...
2026-04-14 23:47:27.239 | INFO     | datatrove.pipeline.tokens.tokenizer:copy:207 - Shuffling in 00005_00000_doc_shuffled.ds...
2026-04-14 23:47:29.869 | SUCCESS  | datatrove.executor.base:_run_for_rank:140 - Processing done for rank=5
2026-04-14 23:47:29.875 | INFO     | datatrove.executor.base:_run_for_rank:147 - 

📉📉📉 Stats: Task 5 📉📉📉

Total Runtime: 1 minute and 41.47 seconds

📖 - READER: 🤗 HuggingFace
    Runtime: (3.76%) 3.82 seconds [6.31 milliseconds±16.11 milliseconds/batch]
    Stats: {doc_len: 2849203719 [min=206, max=604205, 4713.28±8011/doc], doc_len_tokens: 621258010 [min=49, max=129461, 1027.71±1804/doc], documents: 604506}
🔻 - FILTER: 🎲 Sampler
    Runtime: (1.08%) 1.10 seconds [0 milliseconds±0.03 milliseconds/doc]
    Stats: {total: 604506, dropped: 572908, forwarded: 31598, doc_len: 152798985 [min=245, max=430691, 4835.72±8761/doc], doc_len_tokens: 33286399 [min=55, max=100094, 1053.43±1957/doc]}
🔢 - TOKENIZER: ✍️ Writer
    Runtime: (95.15%) 1 minute and 36.55 seconds [24 seconds and 137.18 milliseconds±12 seconds and 305.22 milliseconds/batch]
    Stats: {tokens: 33031261 [min=53, max=99114, 1045.36±1989/doc]}
