2026-04-14 23:29:23.130 | INFO     | datatrove.utils.logging:add_task_logger:76 - Launching pipeline for rank=13
2026-04-14 23:29:23.131 | INFO     | datatrove.utils.logging:log_pipeline:108 - 
--- 🛠️ PIPELINE 🛠
📖 - READER: 🤗 HuggingFace
🔻 - FILTER: 🎲 Sampler
🔢 - TOKENIZER: ✍️ Writer
2026-04-14 23:29:23.131 | INFO     | datatrove.pipeline.tokens.tokenizer:run:431 - Tokenizing in "00013_unshuffled.ds"...
2026-04-14 23:47:27.244 | INFO     | datatrove.pipeline.tokens.tokenizer:run:439 - Shuffling documents...
2026-04-14 23:47:27.245 | INFO     | datatrove.pipeline.tokens.tokenizer:copy:207 - Shuffling in 00013_00000_doc_shuffled.ds...
2026-04-14 23:47:29.874 | SUCCESS  | datatrove.executor.base:_run_for_rank:140 - Processing done for rank=13
2026-04-14 23:47:29.879 | INFO     | datatrove.executor.base:_run_for_rank:147 - 

📉📉📉 Stats: Task 13 📉📉📉

Total Runtime: 1 minute and 41.16 seconds

📖 - READER: 🤗 HuggingFace
    Runtime: (3.83%) 3.87 seconds [6.40 milliseconds±16.41 milliseconds/batch]
    Stats: {doc_len: 2852825599 [min=208, max=540321, 4719.27±8184/doc], doc_len_tokens: 621989355 [min=48, max=122958, 1028.92±1842/doc], documents: 604506}
🔻 - FILTER: 🎲 Sampler
    Runtime: (1.10%) 1.12 seconds [0 milliseconds±0.04 milliseconds/doc]
    Stats: {total: 604506, dropped: 572908, forwarded: 31598, doc_len: 150986951 [min=223, max=540321, 4778.37±9011/doc], doc_len_tokens: 32947467 [min=48, max=122958, 1042.71±2042/doc]}
🔢 - TOKENIZER: ✍️ Writer
    Runtime: (95.07%) 1 minute and 36.17 seconds [24 seconds and 43.37 milliseconds±12 seconds and 261.90 milliseconds/batch]
    Stats: {tokens: 32705323 [min=44, max=124138, 1035.04±2077/doc]}
