2026-04-14 23:29:23.096 | INFO     | datatrove.utils.logging:add_task_logger:76 - Launching pipeline for rank=8
2026-04-14 23:29:23.096 | INFO     | datatrove.utils.logging:log_pipeline:108 - 
--- 🛠️ PIPELINE 🛠
📖 - READER: 🤗 HuggingFace
🔻 - FILTER: 🎲 Sampler
🔢 - TOKENIZER: ✍️ Writer
2026-04-14 23:29:23.097 | INFO     | datatrove.pipeline.tokens.tokenizer:run:431 - Tokenizing in "00008_unshuffled.ds"...
2026-04-14 23:47:27.224 | INFO     | datatrove.pipeline.tokens.tokenizer:run:439 - Shuffling documents...
2026-04-14 23:47:27.225 | INFO     | datatrove.pipeline.tokens.tokenizer:copy:207 - Shuffling in 00008_00000_doc_shuffled.ds...
2026-04-14 23:47:29.732 | SUCCESS  | datatrove.executor.base:_run_for_rank:140 - Processing done for rank=8
2026-04-14 23:47:29.736 | INFO     | datatrove.executor.base:_run_for_rank:147 - 

📉📉📉 Stats: Task 8 📉📉📉

Total Runtime: 1 minute and 40.89 seconds

📖 - READER: 🤗 HuggingFace
    Runtime: (3.73%) 3.76 seconds [6.22 milliseconds±16.07 milliseconds/batch]
    Stats: {doc_len: 2856611711 [min=195, max=611679, 4725.53±8453/doc], doc_len_tokens: 622808850 [min=48, max=134491, 1030.28±1895/doc], documents: 604506}
🔻 - FILTER: 🎲 Sampler
    Runtime: (1.13%) 1.14 seconds [0 milliseconds±0.04 milliseconds/doc]
    Stats: {total: 604506, dropped: 572908, forwarded: 31598, doc_len: 149788886 [min=253, max=590789, 4740.45±9484/doc], doc_len_tokens: 32677658 [min=59, max=131625, 1034.17±2119/doc]}
🔢 - TOKENIZER: ✍️ Writer
    Runtime: (95.14%) 1 minute and 35.99 seconds [23 seconds and 997.73 milliseconds±12 seconds and 193.92 milliseconds/batch]
    Stats: {tokens: 32440948 [min=55, max=132918, 1026.68±2163/doc]}
