2026-04-14 23:29:23.101 | INFO     | datatrove.utils.logging:add_task_logger:76 - Launching pipeline for rank=4
2026-04-14 23:29:23.101 | INFO     | datatrove.utils.logging:log_pipeline:108 - 
--- 🛠️ PIPELINE 🛠
📖 - READER: 🤗 HuggingFace
🔻 - FILTER: 🎲 Sampler
🔢 - TOKENIZER: ✍️ Writer
2026-04-14 23:29:23.102 | INFO     | datatrove.pipeline.tokens.tokenizer:run:431 - Tokenizing in "00004_unshuffled.ds"...
2026-04-14 23:47:27.033 | INFO     | datatrove.pipeline.tokens.tokenizer:run:439 - Shuffling documents...
2026-04-14 23:47:27.043 | INFO     | datatrove.pipeline.tokens.tokenizer:copy:207 - Shuffling in 00004_00000_doc_shuffled.ds...
2026-04-14 23:47:29.059 | SUCCESS  | datatrove.executor.base:_run_for_rank:140 - Processing done for rank=4
2026-04-14 23:47:29.066 | INFO     | datatrove.executor.base:_run_for_rank:147 - 

📉📉📉 Stats: Task 4 📉📉📉

Total Runtime: 1 minute and 38.51 seconds

📖 - READER: 🤗 HuggingFace
    Runtime: (4.00%) 3.94 seconds [6.51 milliseconds±16.76 milliseconds/batch]
    Stats: {doc_len: 2850700751 [min=207, max=610477, 4715.74±8063/doc], doc_len_tokens: 621576577 [min=48, max=139185, 1028.24±1820/doc], documents: 604507}
🔻 - FILTER: 🎲 Sampler
    Runtime: (1.10%) 1.09 seconds [0 milliseconds±0.04 milliseconds/doc]
    Stats: {total: 604507, dropped: 572909, forwarded: 31598, doc_len: 145520076 [min=209, max=479980, 4605.36±7735/doc], doc_len_tokens: 31788705 [min=48, max=139185, 1006.04±1809/doc]}
🔢 - TOKENIZER: ✍️ Writer
    Runtime: (94.90%) 1 minute and 33.48 seconds [23 seconds and 370.44 milliseconds±11 seconds and 846.71 milliseconds/batch]
    Stats: {tokens: 31518525 [min=51, max=133061, 997.48±1827/doc]}
