2026-04-14 23:29:23.082 | INFO     | datatrove.utils.logging:add_task_logger:76 - Launching pipeline for rank=1
2026-04-14 23:29:23.083 | INFO     | datatrove.utils.logging:log_pipeline:108 - 
--- 🛠️ PIPELINE 🛠
📖 - READER: 🤗 HuggingFace
🔻 - FILTER: 🎲 Sampler
🔢 - TOKENIZER: ✍️ Writer
2026-04-14 23:29:23.084 | INFO     | datatrove.pipeline.tokens.tokenizer:run:431 - Tokenizing in "00001_unshuffled.ds"...
2026-04-14 23:47:27.218 | INFO     | datatrove.pipeline.tokens.tokenizer:run:439 - Shuffling documents...
2026-04-14 23:47:27.220 | INFO     | datatrove.pipeline.tokens.tokenizer:copy:207 - Shuffling in 00001_00000_doc_shuffled.ds...
2026-04-14 23:47:29.742 | SUCCESS  | datatrove.executor.base:_run_for_rank:140 - Processing done for rank=1
2026-04-14 23:47:29.750 | INFO     | datatrove.executor.base:_run_for_rank:147 - 

📉📉📉 Stats: Task 1 📉📉📉

Total Runtime: 1 minute and 40.58 seconds

📖 - READER: 🤗 HuggingFace
    Runtime: (3.83%) 3.85 seconds [6.36 milliseconds±15.89 milliseconds/batch]
    Stats: {doc_len: 2860079370 [min=195, max=573511, 4731.26±8255/doc], doc_len_tokens: 623935203 [min=44, max=128457, 1032.14±1871/doc], documents: 604507}
🔻 - FILTER: 🎲 Sampler
    Runtime: (1.07%) 1.08 seconds [0 milliseconds±0.04 milliseconds/doc]
    Stats: {total: 604507, dropped: 572909, forwarded: 31598, doc_len: 148384826 [min=251, max=524800, 4696.02±8424/doc], doc_len_tokens: 32341489 [min=61, max=114016, 1023.53±1910/doc]}
🔢 - TOKENIZER: ✍️ Writer
    Runtime: (95.10%) 1 minute and 35.66 seconds [23 seconds and 914.70 milliseconds±12 seconds and 210.15 milliseconds/batch]
    Stats: {tokens: 32062875 [min=60, max=111671, 1014.71±1930/doc]}
