2026-04-14 23:29:23.122 | INFO     | datatrove.utils.logging:add_task_logger:76 - Launching pipeline for rank=7
2026-04-14 23:29:23.123 | INFO     | datatrove.utils.logging:log_pipeline:108 - 
--- 🛠️ PIPELINE 🛠
📖 - READER: 🤗 HuggingFace
🔻 - FILTER: 🎲 Sampler
🔢 - TOKENIZER: ✍️ Writer
2026-04-14 23:29:23.123 | INFO     | datatrove.pipeline.tokens.tokenizer:run:431 - Tokenizing in "00007_unshuffled.ds"...
2026-04-14 23:47:27.158 | INFO     | datatrove.pipeline.tokens.tokenizer:run:439 - Shuffling documents...
2026-04-14 23:47:27.159 | INFO     | datatrove.pipeline.tokens.tokenizer:copy:207 - Shuffling in 00007_00000_doc_shuffled.ds...
2026-04-14 23:47:29.437 | SUCCESS  | datatrove.executor.base:_run_for_rank:140 - Processing done for rank=7
2026-04-14 23:47:29.442 | INFO     | datatrove.executor.base:_run_for_rank:147 - 

📉📉📉 Stats: Task 7 📉📉📉

Total Runtime: 1 minute and 40.25 seconds

📖 - READER: 🤗 HuggingFace
    Runtime: (3.65%) 3.66 seconds [6.04 milliseconds±8 milliseconds/batch]
    Stats: {doc_len: 2857355355 [min=192, max=671067, 4726.76±8308/doc], doc_len_tokens: 623004200 [min=43, max=170927, 1030.60±1874/doc], documents: 604506}
🔻 - FILTER: 🎲 Sampler
    Runtime: (1.05%) 1.05 seconds [0 milliseconds±0.03 milliseconds/doc]
    Stats: {total: 604506, dropped: 572908, forwarded: 31598, doc_len: 146639671 [min=226, max=671067, 4640.79±8926/doc], doc_len_tokens: 31960970 [min=61, max=170927, 1011.49±2017/doc]}
🔢 - TOKENIZER: ✍️ Writer
    Runtime: (95.31%) 1 minute and 35.54 seconds [23 seconds and 885.51 milliseconds±12 seconds and 356.03 milliseconds/batch]
    Stats: {tokens: 31688455 [min=54, max=168788, 1002.86±2033/doc]}
