2026-04-14 23:29:23.116 | INFO     | datatrove.utils.logging:add_task_logger:76 - Launching pipeline for rank=10
2026-04-14 23:29:23.117 | INFO     | datatrove.utils.logging:log_pipeline:108 - 
--- 🛠️ PIPELINE 🛠
📖 - READER: 🤗 HuggingFace
🔻 - FILTER: 🎲 Sampler
🔢 - TOKENIZER: ✍️ Writer
2026-04-14 23:29:23.118 | INFO     | datatrove.pipeline.tokens.tokenizer:run:431 - Tokenizing in "00010_unshuffled.ds"...
2026-04-14 23:47:27.256 | INFO     | datatrove.pipeline.tokens.tokenizer:run:439 - Shuffling documents...
2026-04-14 23:47:27.258 | INFO     | datatrove.pipeline.tokens.tokenizer:copy:207 - Shuffling in 00010_00000_doc_shuffled.ds...
2026-04-14 23:47:29.884 | SUCCESS  | datatrove.executor.base:_run_for_rank:140 - Processing done for rank=10
2026-04-14 23:47:29.891 | INFO     | datatrove.executor.base:_run_for_rank:147 - 

📉📉📉 Stats: Task 10 📉📉📉

Total Runtime: 1 minute and 40.11 seconds

📖 - READER: 🤗 HuggingFace
    Runtime: (3.82%) 3.82 seconds [6.31 milliseconds±15.52 milliseconds/batch]
    Stats: {doc_len: 2860583335 [min=185, max=651613, 4732.10±8477/doc], doc_len_tokens: 623542384 [min=50, max=155134, 1031.49±1906/doc], documents: 604506}
🔻 - FILTER: 🎲 Sampler
    Runtime: (1.08%) 1.08 seconds [0 milliseconds±0.03 milliseconds/doc]
    Stats: {total: 604506, dropped: 572908, forwarded: 31598, doc_len: 147917656 [min=209, max=445910, 4681.23±8132/doc], doc_len_tokens: 32270696 [min=58, max=107871, 1021.29±1852/doc]}
🔢 - TOKENIZER: ✍️ Writer
    Runtime: (95.10%) 1 minute and 35.21 seconds [23 seconds and 802.66 milliseconds±12 seconds and 37 milliseconds/batch]
    Stats: {tokens: 32032352 [min=55, max=106413, 1013.75±1880/doc]}
