2026-04-14 23:29:23.066 | INFO     | datatrove.utils.logging:add_task_logger:76 - Launching pipeline for rank=0
2026-04-14 23:29:23.066 | INFO     | datatrove.utils.logging:log_pipeline:108 - 
--- 🛠️ PIPELINE 🛠
📖 - READER: 🤗 HuggingFace
🔻 - FILTER: 🎲 Sampler
🔢 - TOKENIZER: ✍️ Writer
2026-04-14 23:29:23.067 | INFO     | datatrove.pipeline.tokens.tokenizer:run:431 - Tokenizing in "00000_unshuffled.ds"...
2026-04-14 23:47:27.269 | INFO     | datatrove.pipeline.tokens.tokenizer:run:439 - Shuffling documents...
2026-04-14 23:47:27.270 | INFO     | datatrove.pipeline.tokens.tokenizer:copy:207 - Shuffling in 00000_00000_doc_shuffled.ds...
2026-04-14 23:47:29.939 | SUCCESS  | datatrove.executor.base:_run_for_rank:140 - Processing done for rank=0
2026-04-14 23:47:29.943 | INFO     | datatrove.executor.base:_run_for_rank:147 - 

📉📉📉 Stats: Task 0 📉📉📉

Total Runtime: 1 minute and 40.90 seconds

📖 - READER: 🤗 HuggingFace
    Runtime: (3.84%) 3.88 seconds [6.41 milliseconds±15.79 milliseconds/batch]
    Stats: {doc_len: 2864584386 [min=187, max=594755, 4738.71±8334/doc], doc_len_tokens: 624562911 [min=47, max=126999, 1033.18±1879/doc], documents: 604507}
🔻 - FILTER: 🎲 Sampler
    Runtime: (1.02%) 1.03 seconds [0 milliseconds±0.03 milliseconds/doc]
    Stats: {total: 604507, dropped: 572909, forwarded: 31598, doc_len: 149744537 [min=227, max=477788, 4739.05±8188/doc], doc_len_tokens: 32682289 [min=52, max=110114, 1034.32±1837/doc]}
🔢 - TOKENIZER: ✍️ Writer
    Runtime: (95.14%) 1 minute and 36 seconds [23 seconds and 999.55 milliseconds±12 seconds and 161.08 milliseconds/batch]
    Stats: {tokens: 32394778 [min=50, max=115092, 1025.22±1868/doc]}
