2026-04-14 23:29:23.142 | INFO     | datatrove.utils.logging:add_task_logger:76 - Launching pipeline for rank=15
2026-04-14 23:29:23.142 | INFO     | datatrove.utils.logging:log_pipeline:108 - 
--- 🛠️ PIPELINE 🛠
📖 - READER: 🤗 HuggingFace
🔻 - FILTER: 🎲 Sampler
🔢 - TOKENIZER: ✍️ Writer
2026-04-14 23:29:23.143 | INFO     | datatrove.pipeline.tokens.tokenizer:run:431 - Tokenizing in "00015_unshuffled.ds"...
2026-04-14 23:47:27.191 | INFO     | datatrove.pipeline.tokens.tokenizer:run:439 - Shuffling documents...
2026-04-14 23:47:27.193 | INFO     | datatrove.pipeline.tokens.tokenizer:copy:207 - Shuffling in 00015_00000_doc_shuffled.ds...
2026-04-14 23:47:29.709 | SUCCESS  | datatrove.executor.base:_run_for_rank:140 - Processing done for rank=15
2026-04-14 23:47:29.715 | INFO     | datatrove.executor.base:_run_for_rank:147 - 

📉📉📉 Stats: Task 15 📉📉📉

Total Runtime: 1 minute and 39.77 seconds

📖 - READER: 🤗 HuggingFace
    Runtime: (3.84%) 3.84 seconds [6.34 milliseconds±16.21 milliseconds/batch]
    Stats: {doc_len: 2846961223 [min=209, max=565250, 4709.57±8304/doc], doc_len_tokens: 621034737 [min=46, max=132308, 1027.34±1876/doc], documents: 604506}
🔻 - FILTER: 🎲 Sampler
    Runtime: (1.10%) 1.10 seconds [0 milliseconds±0.04 milliseconds/doc]
    Stats: {total: 604506, dropped: 572908, forwarded: 31598, doc_len: 149179486 [min=246, max=355799, 4721.17±7980/doc], doc_len_tokens: 32539518 [min=58, max=74702, 1029.80±1791/doc]}
🔢 - TOKENIZER: ✍️ Writer
    Runtime: (95.06%) 1 minute and 34.84 seconds [23 seconds and 708.86 milliseconds±12 seconds and 23.94 milliseconds/batch]
    Stats: {tokens: 32270498 [min=56, max=76422, 1021.28±1824/doc]}
