2026-04-14 23:29:23.131 | INFO     | datatrove.utils.logging:add_task_logger:76 - Launching pipeline for rank=12
2026-04-14 23:29:23.132 | INFO     | datatrove.utils.logging:log_pipeline:108 - 
--- 🛠️ PIPELINE 🛠
📖 - READER: 🤗 HuggingFace
🔻 - FILTER: 🎲 Sampler
🔢 - TOKENIZER: ✍️ Writer
2026-04-14 23:29:23.132 | INFO     | datatrove.pipeline.tokens.tokenizer:run:431 - Tokenizing in "00012_unshuffled.ds"...
2026-04-14 23:47:27.280 | INFO     | datatrove.pipeline.tokens.tokenizer:run:439 - Shuffling documents...
2026-04-14 23:47:27.282 | INFO     | datatrove.pipeline.tokens.tokenizer:copy:207 - Shuffling in 00012_00000_doc_shuffled.ds...
2026-04-14 23:47:29.944 | SUCCESS  | datatrove.executor.base:_run_for_rank:140 - Processing done for rank=12
2026-04-14 23:47:29.952 | INFO     | datatrove.executor.base:_run_for_rank:147 - 

📉📉📉 Stats: Task 12 📉📉📉

Total Runtime: 1 minute and 41.13 seconds

📖 - READER: 🤗 HuggingFace
    Runtime: (3.73%) 3.77 seconds [6.24 milliseconds±16.07 milliseconds/batch]
    Stats: {doc_len: 2859201058 [min=202, max=592843, 4729.81±8325/doc], doc_len_tokens: 623647929 [min=47, max=139248, 1031.67±1877/doc], documents: 604506}
🔻 - FILTER: 🎲 Sampler
    Runtime: (1.10%) 1.11 seconds [0 milliseconds±0.04 milliseconds/doc]
    Stats: {total: 604506, dropped: 572908, forwarded: 31598, doc_len: 149640348 [min=241, max=290809, 4735.75±8042/doc], doc_len_tokens: 32692547 [min=57, max=59361, 1034.64±1829/doc]}
🔢 - TOKENIZER: ✍️ Writer
    Runtime: (95.17%) 1 minute and 36.24 seconds [24 seconds and 59.45 milliseconds±12 seconds and 252.13 milliseconds/batch]
    Stats: {tokens: 32430431 [min=56, max=58762, 1026.34±1863/doc]}
